# JRE version: OpenJDK Runtime Environment (11.0+28) (build 11+28)
# Java VM: OpenJDK 64-Bit Server VM (11+28, mixed mode, tiered, compressed oops, g1 gc, windows-amd64)
Heap:
 garbage-first heap   total 260096K, used 164629K [0x0000000703e00000, 0x0000000800000000)
  region size 1024K, 152 young (155648K), 12 survivors (12288K)
 Metaspace       used 73692K, capacity 75699K, committed 75888K, reserved 1116160K
  class space    used 9369K, capacity 10163K, committed 10176K, reserved 1048576K
GC Heap History (10 events):
Event: 3.118 GC heap before
{Heap before GC invocations=1 (full 0):
 garbage-first heap   total 260096K, used 97962K [0x0000000703e00000, 0x0000000800000000)
  region size 1024K, 94 young (96256K), 3 survivors (3072K)
 Metaspace       used 20637K, capacity 21127K, committed 21296K, reserved 1069056K
  class space    used 2228K, capacity 2418K, committed 2432K, reserved 1048576K
}
Event: 3.129 GC heap after
{Heap after GC invocations=2 (full 0):
 garbage-first heap   total 260096K, used 9105K [0x0000000703e00000, 0x0000000800000000)
  region size 1024K, 6 young (6144K), 6 survivors (6144K)
 Metaspace       used 20637K, capacity 21127K, committed 21296K, reserved 1069056K
  class space    used 2228K, capacity 2418K, committed 2432K, reserved 1048576K
}
Event: 4.373 GC heap before
{Heap before GC invocations=3 (full 0):
 garbage-first heap   total 260096K, used 103313K [0x0000000703e00000, 0x0000000800000000)
  region size 1024K, 99 young (101376K), 6 survivors (6144K)
 Metaspace       used 25916K, capacity 26531K, committed 26672K, reserved 1073152K
  class space    used 2891K, capacity 3129K, committed 3200K, reserved 1048576K
}
Event: 4.384 GC heap after
{Heap after GC invocations=4 (full 0):
 garbage-first heap   total 260096K, used 11946K [0x0000000703e00000, 0x0000000800000000)
  region size 1024K, 8 young (8192K), 8 survivors (8192K)
 Metaspace       used 25916K, capacity 26531K, committed 26672K, reserved 1073152K
  class space    used 2891K, capacity 3129K, committed 3200K, reserved 1048576K
}
Event: 6.665 GC heap before
{Heap before GC invocations=4 (full 0):
 garbage-first heap   total 260096K, used 94890K [0x0000000703e00000, 0x0000000800000000)
  region size 1024K, 90 young (92160K), 8 survivors (8192K)
 Metaspace       used 34643K, capacity 35635K, committed 35708K, reserved 1081344K
  class space    used 4074K, capacity 4483K, committed 4556K, reserved 1048576K
}
Event: 6.687 GC heap after
{Heap after GC invocations=5 (full 0):
 garbage-first heap   total 260096K, used 15018K [0x0000000703e00000, 0x0000000800000000)
  region size 1024K, 11 young (11264K), 11 survivors (11264K)
 Metaspace       used 34643K, capacity 35635K, committed 35708K, reserved 1081344K
  class space    used 4074K, capacity 4483K, committed 4556K, reserved 1048576K
}
Event: 11.289 GC heap before
{Heap before GC invocations=6 (full 0):
 garbage-first heap   total 260096K, used 158378K [0x0000000703e00000, 0x0000000800000000)
  region size 1024K, 152 young (155648K), 11 survivors (11264K)
 Metaspace       used 46010K, capacity 47313K, committed 47484K, reserved 1091584K
  class space    used 5419K, capacity 5974K, committed 6092K, reserved 1048576K
}
Event: 11.311 GC heap after
{Heap after GC invocations=7 (full 0):
 garbage-first heap   total 260096K, used 20141K [0x0000000703e00000, 0x0000000800000000)
  region size 1024K, 13 young (13312K), 13 survivors (13312K)
 Metaspace       used 46010K, capacity 47313K, committed 47484K, reserved 1091584K
  class space    used 5419K, capacity 5974K, committed 6092K, reserved 1048576K
}
Event: 14.142 GC heap before
{Heap before GC invocations=7 (full 0):
 garbage-first heap   total 260096K, used 90797K [0x0000000703e00000, 0x0000000800000000)
  region size 1024K, 84 young (86016K), 13 survivors (13312K)
 Metaspace       used 58455K, capacity 59820K, committed 59900K, reserved 1101824K
  class space    used 7375K, capacity 7983K, committed 8012K, reserved 1048576K
}
Event: 14.176 GC heap after
{Heap after GC invocations=8 (full 0):
 garbage-first heap   total 260096K, used 22293K [0x0000000703e00000, 0x0000000800000000)
  region size 1024K, 12 young (12288K), 12 survivors (12288K)
 Metaspace       used 58455K, capacity 59820K, committed 59900K, reserved 1101824K
  class space    used 7375K, capacity 7983K, committed 8012K, reserved 1048576K
}

